<?xml version="1.0" encoding="UTF-8"?>
<!-- Generated by org.testng.reporters.JUnitReportReporter -->
<testsuite hostname="Mohamed_PC" failures="0" tests="1" name="testCases.TC001_UserAccountRegistration" time="6.277" errors="0" timestamp="2025-01-08T07:50:18 IST" skipped="0">
  <testcase classname="testCases.TC001_UserAccountRegistration" name="verify_account_registration" time="6.277"/>
</testsuite> <!-- testCases.TC001_UserAccountRegistration -->
