<?xml version="1.0" encoding="UTF-8"?>
<!-- Generated by org.testng.reporters.JUnitReportReporter -->
<testsuite hostname="Mohamed_PC" failures="0" tests="5" name="testCases.TC003_LoginDDT" time="61.782" errors="0" timestamp="2025-01-07T06:18:51 IST" skipped="0">
  <testcase classname="testCases.TC003_LoginDDT" name="verify_LoginDDT" time="12.913"/>
  <testcase classname="testCases.TC003_LoginDDT" name="verify_LoginDDT" time="14.211"/>
  <testcase classname="testCases.TC003_LoginDDT" name="verify_LoginDDT" time="12.455"/>
  <testcase classname="testCases.TC003_LoginDDT" name="verify_LoginDDT" time="9.786"/>
  <testcase classname="testCases.TC003_LoginDDT" name="verify_LoginDDT" time="12.417"/>
</testsuite> <!-- testCases.TC003_LoginDDT -->
